  main.cpp
raylib.lib(rcore.obj) : error LNK2001: неразрешенный внешний символ __imp__OpenClipboard@4.
raylib.lib(rglfw.obj) : error LNK2001: неразрешенный внешний символ __imp__OpenClipboard@4.
raylib.lib(rcore.obj) : error LNK2001: неразрешенный внешний символ __imp__CloseClipboard@0.
raylib.lib(rglfw.obj) : error LNK2001: неразрешенный внешний символ __imp__CloseClipboard@0.
raylib.lib(rcore.obj) : error LNK2001: неразрешенный внешний символ __imp__GetClipboardData@4.
raylib.lib(rglfw.obj) : error LNK2001: неразрешенный внешний символ __imp__GetClipboardData@4.
raylib.lib(rglfw.obj) : error LNK2001: неразрешенный внешний символ __imp__ChoosePixelFormat@8.
raylib.lib(rglfw.obj) : error LNK2001: неразрешенный внешний символ __imp__CreateBitmap@20.
raylib.lib(rglfw.obj) : error LNK2001: неразрешенный внешний символ __imp__CreateDCW@16.
raylib.lib(rglfw.obj) : error LNK2001: неразрешенный внешний символ __imp__CreateRectRgn@16.
raylib.lib(rglfw.obj) : error LNK2001: неразрешенный внешний символ __imp__DeleteDC@4.
raylib.lib(rglfw.obj) : error LNK2001: неразрешенный внешний символ __imp__DeleteObject@4.
raylib.lib(rglfw.obj) : error LNK2001: неразрешенный внешний символ __imp__DescribePixelFormat@16.
raylib.lib(rglfw.obj) : error LNK2001: неразрешенный внешний символ __imp__GetDeviceCaps@8.
raylib.lib(rglfw.obj) : error LNK2001: неразрешенный внешний символ __imp__SetPixelFormat@12.
raylib.lib(rglfw.obj) : error LNK2001: неразрешенный внешний символ __imp__CreateDIBSection@24.
raylib.lib(rglfw.obj) : error LNK2001: неразрешенный внешний символ __imp__GetDeviceGammaRamp@8.
raylib.lib(rglfw.obj) : error LNK2001: неразрешенный внешний символ __imp__SetDeviceGammaRamp@8.
raylib.lib(rglfw.obj) : error LNK2001: неразрешенный внешний символ __imp__SwapBuffers@4.
raylib.lib(rglfw.obj) : error LNK2001: неразрешенный внешний символ __imp__TrackMouseEvent@4.
raylib.lib(rglfw.obj) : error LNK2001: неразрешенный внешний символ __imp__TranslateMessage@4.
raylib.lib(rglfw.obj) : error LNK2001: неразрешенный внешний символ __imp__DispatchMessageW@4.
raylib.lib(rglfw.obj) : error LNK2001: неразрешенный внешний символ __imp__PeekMessageW@20.
raylib.lib(rglfw.obj) : error LNK2001: неразрешенный внешний символ __imp__GetMessageTime@0.
raylib.lib(rglfw.obj) : error LNK2001: неразрешенный внешний символ __imp__SendMessageW@16.
raylib.lib(rglfw.obj) : error LNK2001: неразрешенный внешний символ __imp__RegisterDeviceNotificationW@12.
raylib.lib(rglfw.obj) : error LNK2001: неразрешенный внешний символ __imp__UnregisterDeviceNotification@4.
raylib.lib(rglfw.obj) : error LNK2001: неразрешенный внешний символ __imp__PostMessageW@16.
raylib.lib(rglfw.obj) : error LNK2001: неразрешенный внешний символ __imp__WaitMessage@0.
raylib.lib(rglfw.obj) : error LNK2001: неразрешенный внешний символ __imp__DefWindowProcW@16.
raylib.lib(rglfw.obj) : error LNK2001: неразрешенный внешний символ __imp__UnregisterClassW@8.
raylib.lib(rglfw.obj) : error LNK2001: неразрешенный внешний символ __imp__RegisterClassExW@4.
raylib.lib(rglfw.obj) : error LNK2001: неразрешенный внешний символ __imp__CreateWindowExW@48.
raylib.lib(rglfw.obj) : error LNK2001: неразрешенный внешний символ __imp__DestroyWindow@4.
raylib.lib(rglfw.obj) : error LNK2001: неразрешенный внешний символ __imp__ShowWindow@8.
raylib.lib(rglfw.obj) : error LNK2001: неразрешенный внешний символ __imp__GetLayeredWindowAttributes@16.
raylib.lib(rglfw.obj) : error LNK2001: неразрешенный внешний символ __imp__SetLayeredWindowAttributes@16.
raylib.lib(rglfw.obj) : error LNK2001: неразрешенный внешний символ __imp__FlashWindow@8.
raylib.lib(rglfw.obj) : error LNK2001: неразрешенный внешний символ __imp__MoveWindow@24.
raylib.lib(rglfw.obj) : error LNK2001: неразрешенный внешний символ __imp__SetWindowPos@28.
raylib.lib(rglfw.obj) : error LNK2001: неразрешенный внешний символ __imp__GetWindowPlacement@8.
raylib.lib(rglfw.obj) : error LNK2001: неразрешенный внешний символ __imp__SetWindowPlacement@8.
raylib.lib(rglfw.obj) : error LNK2001: неразрешенный внешний символ __imp__IsWindowVisible@4.
raylib.lib(rglfw.obj) : error LNK2001: неразрешенный внешний символ __imp__IsIconic@4.
raylib.lib(rglfw.obj) : error LNK2001: неразрешенный внешний символ __imp__BringWindowToTop@4.
raylib.lib(rglfw.obj) : error LNK2001: неразрешенный внешний символ __imp__IsZoomed@4.
raylib.lib(rglfw.obj) : error LNK2001: неразрешенный внешний символ __imp__SetClipboardData@8.
raylib.lib(rglfw.obj) : error LNK2001: неразрешенный внешний символ __imp__EmptyClipboard@0.
raylib.lib(rglfw.obj) : error LNK2001: неразрешенный внешний символ __imp__SetFocus@4.
raylib.lib(rglfw.obj) : error LNK2001: неразрешенный внешний символ __imp__GetActiveWindow@0.
raylib.lib(rglfw.obj) : error LNK2001: неразрешенный внешний символ __imp__GetKeyState@4.
raylib.lib(rglfw.obj) : error LNK2001: неразрешенный внешний символ __imp__ToUnicode@24.
raylib.lib(rglfw.obj) : error LNK2001: неразрешенный внешний символ __imp__MapVirtualKeyW@8.
raylib.lib(rglfw.obj) : error LNK2001: неразрешенный внешний символ __imp__SetCapture@4.
raylib.lib(rglfw.obj) : error LNK2001: неразрешенный внешний символ __imp__ReleaseCapture@0.
raylib.lib(rglfw.obj) : error LNK2001: неразрешенный внешний символ __imp__MsgWaitForMultipleObjects@20.
raylib.lib(rglfw.obj) : error LNK2001: неразрешенный внешний символ __imp__GetSystemMetrics@4.
raylib.lib(rglfw.obj) : error LNK2001: неразрешенный внешний символ __imp__SetForegroundWindow@4.
raylib.lib(rglfw.obj) : error LNK2001: неразрешенный внешний символ __imp__GetDC@4.
raylib.lib(rglfw.obj) : error LNK2001: неразрешенный внешний символ __imp__ReleaseDC@8.
raylib.lib(rglfw.obj) : error LNK2001: неразрешенный внешний символ __imp__SetPropW@12.
raylib.lib(rglfw.obj) : error LNK2001: неразрешенный внешний символ __imp__GetPropW@8.
raylib.lib(rglfw.obj) : error LNK2001: неразрешенный внешний символ __imp__RemovePropW@8.
raylib.lib(rglfw.obj) : error LNK2001: неразрешенный внешний символ __imp__SetWindowTextW@8.
raylib.lib(rglfw.obj) : error LNK2001: неразрешенный внешний символ __imp__GetClientRect@8.
raylib.lib(rglfw.obj) : error LNK2001: неразрешенный внешний символ __imp__GetWindowRect@8.
raylib.lib(rglfw.obj) : error LNK2001: неразрешенный внешний символ __imp__AdjustWindowRectEx@16.
raylib.lib(rglfw.obj) : error LNK2001: неразрешенный внешний символ __imp__SetCursorPos@8.
raylib.lib(rglfw.obj) : error LNK2001: неразрешенный внешний символ __imp__SetCursor@4.
raylib.lib(rglfw.obj) : error LNK2001: неразрешенный внешний символ __imp__GetCursorPos@4.
raylib.lib(rglfw.obj) : error LNK2001: неразрешенный внешний символ __imp__ClientToScreen@8.
raylib.lib(rglfw.obj) : error LNK2001: неразрешенный внешний символ __imp__ScreenToClient@8.
raylib.lib(rglfw.obj) : error LNK2001: неразрешенный внешний символ __imp__WindowFromPoint@8.
raylib.lib(rglfw.obj) : error LNK2001: неразрешенный внешний символ __imp__ClipCursor@4.
raylib.lib(rglfw.obj) : error LNK2001: неразрешенный внешний символ __imp__SetRect@20.
raylib.lib(rglfw.obj) : error LNK2001: неразрешенный внешний символ __imp__OffsetRect@12.
raylib.lib(rglfw.obj) : error LNK2001: неразрешенный внешний символ __imp__PtInRect@12.
raylib.lib(rglfw.obj) : error LNK2001: неразрешенный внешний символ __imp__GetWindowLongW@8.
raylib.lib(rglfw.obj) : error LNK2001: неразрешенный внешний символ __imp__SetWindowLongW@12.
raylib.lib(rglfw.obj) : error LNK2001: неразрешенный внешний символ __imp__GetClassLongW@8.
raylib.lib(rglfw.obj) : error LNK2001: неразрешенный внешний символ __imp__LoadCursorW@8.
raylib.lib(rglfw.obj) : error LNK2001: неразрешенный внешний символ __imp__DestroyIcon@4.
raylib.lib(rglfw.obj) : error LNK2001: неразрешенный внешний символ __imp__LoadImageW@24.
raylib.lib(rglfw.obj) : error LNK2001: неразрешенный внешний символ __imp__CreateIconIndirect@4.
raylib.lib(rglfw.obj) : error LNK2001: неразрешенный внешний символ __imp__ChangeDisplaySettingsExW@20.
raylib.lib(rglfw.obj) : error LNK2001: неразрешенный внешний символ __imp__EnumDisplaySettingsW@12.
raylib.lib(rglfw.obj) : error LNK2001: неразрешенный внешний символ __imp__EnumDisplaySettingsExW@16.
raylib.lib(rglfw.obj) : error LNK2001: неразрешенный внешний символ __imp__EnumDisplayDevicesW@16.
raylib.lib(rglfw.obj) : error LNK2001: неразрешенный внешний символ __imp__SystemParametersInfoW@16.
raylib.lib(rglfw.obj) : error LNK2001: неразрешенный внешний символ __imp__MonitorFromWindow@8.
raylib.lib(rglfw.obj) : error LNK2001: неразрешенный внешний символ __imp__GetMonitorInfoW@8.
raylib.lib(rglfw.obj) : error LNK2001: неразрешенный внешний символ __imp__EnumDisplayMonitors@16.
raylib.lib(rglfw.obj) : error LNK2001: неразрешенный внешний символ __imp__GetRawInputData@20.
raylib.lib(rglfw.obj) : error LNK2001: неразрешенный внешний символ __imp__GetRawInputDeviceInfoA@16.
raylib.lib(rglfw.obj) : error LNK2001: неразрешенный внешний символ __imp__RegisterRawInputDevices@12.
raylib.lib(rglfw.obj) : error LNK2001: неразрешенный внешний символ __imp__GetRawInputDeviceList@12.
raylib.lib(rglfw.obj) : error LNK2001: неразрешенный внешний символ __imp__DragQueryFileW@16.
raylib.lib(rglfw.obj) : error LNK2001: неразрешенный внешний символ __imp__DragQueryPoint@8.
raylib.lib(rglfw.obj) : error LNK2001: неразрешенный внешний символ __imp__DragFinish@4.
raylib.lib(rglfw.obj) : error LNK2001: неразрешенный внешний символ __imp__DragAcceptFiles@8.
D:\C++\Project NAUTILUS\Release\Project NAUTILUS.exe : fatal error LNK1120: неразрешенных внешних элементов: 97
